<?xml version="1.0" encoding="UTF-8"?>
<!-- Generated by org.testng.reporters.JUnitXMLReporter -->
<testsuite ignored="0" hostname="IN-CF1D5S3" failures="0" tests="7" name="TestSuite" time="87.72" errors="0" timestamp="2024-05-20T15:50:22 IST">
  <testcase classname="testcases.TC1_Launch" name="LaunchWebandVerfiy" time="1.33"/>
  <testcase classname="testcases.TC2_Login" name="validloginProcess" time="26.061"/>
  <testcase classname="testcases.TC2_Login" name="invalidloginProcess" time="0.403"/>
  <testcase classname="testcases.TC4_RegisterUser" name="loginProcess" time="2.86"/>
  <testcase classname="testcases.TC5_SearchProduct" name="searchProduct" time="2.915"/>
  <testcase classname="testcases.TC6_ValidateResultPage" name="searchProduct" time="6.002"/>
  <testcase classname="testcases.TC7_FilterResult" name="filterResult" time="5.283"/>
</testsuite> <!-- TestSuite -->
