<?xml version="1.0" encoding="UTF-8"?>
<!-- Generated by org.testng.reporters.JUnitXMLReporter -->
<testsuite ignored="0" hostname="IN-CF1D5S3" failures="1" tests="7" name="Test" time="167.992" errors="0" timestamp="2024-05-20T12:20:38 IST">
  <testcase classname="testcases.TC6_ValidateResultPage" name="searchProduct" time="4.346"/>
  <testcase classname="testcases.TC5_SearchProduct" name="searchProduct" time="5.409"/>
  <testcase classname="testcases.TC2_Login" name="validloginProcess" time="22.955"/>
  <testcase classname="testcases.TC2_Login" name="invalidloginProcess" time="20.421">
    <failure type="java.lang.AssertionError" message="Verify button is visible expected [true] but found [false]">
      <![CDATA[java.lang.AssertionError: Verify button is visible expected [true] but found [false]
at testcases.TC2_Login.invalidloginProcess(TC2_Login.java:45)
at java.base/java.util.ArrayList.forEach(ArrayList.java:1596)
... Removed 28 stack frames]]>
    </failure>
  </testcase> <!-- invalidloginProcess -->
  <testcase classname="testcases.TC1_Launch" name="LaunchWebandVerfiy" time="28.021"/>
  <testcase classname="testcases.TC4_RegisterUser" name="loginProcess" time="2.43"/>
  <testcase classname="testcases.TC7_FilterResult" name="filterResult" time="30.935"/>
</testsuite> <!-- Test -->
